0 info it worked if it ends with ok
1 verbose cli [ '/usr/bin/node', '/usr/bin/npm', 'run', 'build' ]
2 info using npm@3.10.10
3 info using node@v6.16.0
4 verbose run-script [ 'prebuild', 'build', 'postbuild' ]
5 info lifecycle swe_project@1.0.0~prebuild: swe_project@1.0.0
6 silly lifecycle swe_project@1.0.0~prebuild: no script for prebuild, continuing
7 info lifecycle swe_project@1.0.0~build: swe_project@1.0.0
8 verbose lifecycle swe_project@1.0.0~build: unsafe-perm in lifecycle true
9 verbose lifecycle swe_project@1.0.0~build: PATH: /usr/lib/node_modules/npm/bin/node-gyp-bin:/student/lornaxiao/Documents/3300/team6/node_modules/.bin:/usr/lib64/qt-3.3/bin:/usr/local/texlive/2016/bin/x86_64-linux:/usr/local/bin:/usr/bin:/usr/local/sbin:/usr/sbin:/usr/local/miniconda/bin
10 verbose lifecycle swe_project@1.0.0~build: CWD: /student/lornaxiao/Documents/3300/team6
11 silly lifecycle swe_project@1.0.0~build: Args: [ '-c',
11 silly lifecycle   'npx tsc & mkdir .\\build\\data & copy .\\src\\data\\ .\\build\\data' ]
12 info lifecycle swe_project@1.0.0~build: Failed to exec build script
13 verbose stack Error: swe_project@1.0.0 build: `npx tsc & mkdir .\build\data & copy .\src\data\ .\build\data`
13 verbose stack spawn ENOENT
13 verbose stack     at ChildProcess.<anonymous> (/usr/lib/node_modules/npm/lib/utils/spawn.js:33:16)
13 verbose stack     at emitTwo (events.js:106:13)
13 verbose stack     at ChildProcess.emit (events.js:191:7)
13 verbose stack     at maybeClose (internal/child_process.js:920:16)
13 verbose stack     at Process.ChildProcess._handle.onexit (internal/child_process.js:230:5)
14 verbose pkgid swe_project@1.0.0
15 verbose cwd /student/lornaxiao/Documents/3300/team6
16 error Linux 3.10.0-957.5.1.el7.x86_64
17 error argv "/usr/bin/node" "/usr/bin/npm" "run" "build"
18 error node v6.16.0
19 error npm  v3.10.10
20 error file sh
21 error code ELIFECYCLE
22 error errno ENOENT
23 error syscall spawn
24 error swe_project@1.0.0 build: `npx tsc & mkdir .\build\data & copy .\src\data\ .\build\data`
24 error spawn ENOENT
25 error Failed at the swe_project@1.0.0 build script 'npx tsc & mkdir .\build\data & copy .\src\data\ .\build\data'.
25 error Make sure you have the latest version of node.js and npm installed.
25 error If you do, this is most likely a problem with the swe_project package,
25 error not with npm itself.
25 error Tell the author that this fails on your system:
25 error     npx tsc & mkdir .\build\data & copy .\src\data\ .\build\data
25 error You can get information on how to open an issue for this project with:
25 error     npm bugs swe_project
25 error Or if that isn't available, you can get their info via:
25 error     npm owner ls swe_project
25 error There is likely additional logging output above.
26 verbose exit [ 1, true ]
